<?xml version="1.0" encoding="UTF-8"?>
<!-- Generated by org.testng.reporters.JUnitReportReporter -->
<testsuite hostname="Ryans-MacBook-Pro.local" failures="0" tests="1" name="API.DemoAPI" time="2.219" errors="0" timestamp="2023-11-08T15:44:21 EST" skipped="0">
  <testcase classname="API.DemoAPI" name="DemoUKYAPI" time="2.219"/>
  <system-out/>
</testsuite> <!-- API.DemoAPI -->
